2022-01-09 14:13:53,346 [Worker-9: Loading available Gradle versions] INFO  o.e.b.c.i.u.g.PublishedGradleVersions - Gradle version information cache is up-to-date. Trying to read.
2022-01-09 14:15:28,010 [Worker-11: Creating maven-archetype-quickstart] INFO  o.e.m.c.i.p.ProjectConfigurationManager - Collecting project info '/pom.xml' F:\finalSEpractical\Java-jetkins-in-docker\pom.xml
2022-01-09 14:15:29,563 [Worker-11: Creating maven-archetype-quickstart] INFO  o.e.m.c.i.l.LifecycleMappingFactory - Using org.eclipse.m2e.jdt.JarLifecycleMapping lifecycle mapping for MavenProject: org.example:Java-jetkins-in-docker:0.0.1-SNAPSHOT @ F:\finalSEpractical\Java-jetkins-in-docker\pom.xml.
2022-01-09 14:15:31,159 [Worker-11: Creating maven-archetype-quickstart] INFO  o.e.m.j.i.AbstractJavaProjectConfigurator - Adding source folder /Java-jetkins-in-docker/src/main/java
2022-01-09 14:15:31,165 [Worker-11: Creating maven-archetype-quickstart] INFO  o.e.m.j.i.AbstractJavaProjectConfigurator - Adding source folder /Java-jetkins-in-docker/src/test/java
2022-01-09 14:15:32,444 [Worker-11: Creating maven-archetype-quickstart] INFO  o.e.m.c.i.p.ProjectConfigurationManager - Imported and configured 1 project(s) in 4 sec
2022-01-09 14:15:38,411 [Worker-17: Discover lifecycle mappings] INFO  o.e.m.i.discovery.MavenDiscovery - No lifecyle mapping found at jar:file:/C:/Users/Admin/AppData/Local/Temp/RemoteBundleDiscoveryStrategy16316258777593164004.tmp/org.eclipse.m2e.discovery.oss_catalog_1.14.jar_6479441633517782434.jar!/lifecycle%2Forg.eclipse.m2e.discovery.lifecyclemapping.m2e-wtp.xml
2022-01-09 14:15:38,412 [Worker-17: Discover lifecycle mappings] WARN  o.e.m.i.discovery.MavenDiscovery - CatalogItem org.eclipse.m2e.discovery.lifecyclemapping.m2e-wtp does not contain lifecycle mapping metadata
2022-01-09 14:15:38,414 [Worker-17: Discover lifecycle mappings] INFO  o.e.m.i.discovery.MavenDiscovery - No lifecyle mapping found at jar:file:/C:/Users/Admin/AppData/Local/Temp/RemoteBundleDiscoveryStrategy16316258777593164004.tmp/org.eclipse.m2e.discovery.oss_catalog_1.14.jar_6479441633517782434.jar!/lifecycle%2Forg.eclipse.m2e.discovery.lifecyclemapping.m2e-egit.xml
2022-01-09 14:15:38,415 [Worker-17: Discover lifecycle mappings] WARN  o.e.m.i.discovery.MavenDiscovery - CatalogItem org.eclipse.m2e.discovery.lifecyclemapping.m2e-egit does not contain lifecycle mapping metadata
2022-01-09 14:15:38,417 [Worker-17: Discover lifecycle mappings] INFO  o.e.m.i.discovery.MavenDiscovery - No lifecyle mapping found at jar:file:/C:/Users/Admin/AppData/Local/Temp/RemoteBundleDiscoveryStrategy16316258777593164004.tmp/org.eclipse.m2e.discovery.oss_catalog_1.14.jar_6479441633517782434.jar!/lifecycle%2Forg.eclipse.m2e.discovery.lifecyclemapping.m2e-subversive.xml
2022-01-09 14:15:38,418 [Worker-17: Discover lifecycle mappings] WARN  o.e.m.i.discovery.MavenDiscovery - CatalogItem org.eclipse.m2e.discovery.lifecyclemapping.m2e-subversive does not contain lifecycle mapping metadata
2022-01-09 14:15:38,468 [Worker-17: Discover lifecycle mappings] INFO  o.e.m.i.discovery.MavenDiscovery - No lifecyle mapping found at jar:file:/C:/Users/Admin/AppData/Local/Temp/RemoteBundleDiscoveryStrategy16316258777593164004.tmp/org.eclipse.m2e.discovery.oss_catalog_1.14.jar_6479441633517782434.jar!/lifecycle%2Forg.eclipse.m2e.discovery.extras.m2e-chromatic.xml
2022-01-09 14:15:38,469 [Worker-17: Discover lifecycle mappings] WARN  o.e.m.i.discovery.MavenDiscovery - CatalogItem org.eclipse.m2e.discovery.extras.m2e-chromatic does not contain lifecycle mapping metadata
2022-01-09 14:16:09,450 [Worker-20: Updating Maven Project] INFO  o.e.m.c.i.p.ProjectConfigurationManager - Update started
2022-01-09 14:16:10,313 [Worker-20: Updating Maven Project] INFO  o.e.m.c.i.l.LifecycleMappingFactory - Using org.eclipse.m2e.jdt.JarLifecycleMapping lifecycle mapping for MavenProject: org.example:Java-jetkins-in-docker:0.0.1-SNAPSHOT @ F:\finalSEpractical\Java-jetkins-in-docker\pom.xml.
2022-01-09 14:16:10,688 [Worker-20: Updating Maven Project] INFO  o.e.m.c.i.p.ProjectConfigurationManager - Update completed: 1 sec
2022-01-09 14:22:02,099 [Worker-22: Importing Maven projects] INFO  o.e.m.c.i.l.LifecycleMappingFactory - Using org.eclipse.m2e.jdt.JarLifecycleMapping lifecycle mapping for MavenProject: org.example:Java-jenkin-in-docker:0.0.1-SNAPSHOT @ E:\SE\Project\Java-jenkin-in-docker\pom.xml.
2022-01-09 14:22:02,812 [Worker-22: Importing Maven projects] INFO  o.e.m.j.i.AbstractJavaProjectConfigurator - Adding source folder /Java-jenkin-in-docker/src/main/java
2022-01-09 14:22:02,815 [Worker-22: Importing Maven projects] INFO  o.e.m.j.i.AbstractJavaProjectConfigurator - Adding source folder /Java-jenkin-in-docker/src/test/java
2022-01-09 14:22:02,905 [Worker-22: Importing Maven projects] INFO  o.e.m.c.i.p.ProjectConfigurationManager - Imported and configured 1 project(s) in 1 sec
2022-01-09 14:24:18,503 [Worker-21: Building] INFO  o.e.m.c.i.l.LifecycleMappingFactory - Using org.eclipse.m2e.jdt.JarLifecycleMapping lifecycle mapping for MavenProject: org.example:Java-jetkins-in-docker:0.0.1-SNAPSHOT @ F:\finalSEpractical\Java-jetkins-in-docker\pom.xml.
2022-01-09 14:24:30,885 [Worker-24: Launching Executing install in F__finalSEpractical_Java-jetkins-in-docker] INFO  o.e.m.i.launch.MavenLaunchDelegate - F:\finalSEpractical\Java-jetkins-in-docker
2022-01-09 14:24:30,890 [Worker-24: Launching Executing install in F__finalSEpractical_Java-jetkins-in-docker] INFO  o.e.m.i.launch.MavenLaunchDelegate -  mvn -B install -Dstyle.color=always
2022-01-09 14:24:55,579 [Worker-22: Launching Executing test in F__finalSEpractical_Java-jetkins-in-docker] INFO  o.e.m.i.launch.MavenLaunchDelegate - F:\finalSEpractical\Java-jetkins-in-docker
2022-01-09 14:24:55,579 [Worker-22: Launching Executing test in F__finalSEpractical_Java-jetkins-in-docker] INFO  o.e.m.i.launch.MavenLaunchDelegate -  mvn -B test -Dstyle.color=always
2022-01-09 14:25:25,793 [Worker-23: Launching Executing test in F__finalSEpractical_Java-jetkins-in-docker] INFO  o.e.m.i.launch.MavenLaunchDelegate - F:\finalSEpractical\Java-jetkins-in-docker
2022-01-09 14:25:25,795 [Worker-23: Launching Executing test in F__finalSEpractical_Java-jetkins-in-docker] INFO  o.e.m.i.launch.MavenLaunchDelegate -  mvn -B test -Dstyle.color=always
2022-01-09 14:26:31,013 [Worker-19: Launching Executing test in F__finalSEpractical_Java-jetkins-in-docker] INFO  o.e.m.i.launch.MavenLaunchDelegate - F:\finalSEpractical\Java-jetkins-in-docker
2022-01-09 14:26:31,013 [Worker-19: Launching Executing test in F__finalSEpractical_Java-jetkins-in-docker] INFO  o.e.m.i.launch.MavenLaunchDelegate -  mvn -B test -Dstyle.color=always
2022-01-09 14:26:59,184 [Worker-22: Launching Executing test in F__finalSEpractical_Java-jetkins-in-docker] INFO  o.e.m.i.launch.MavenLaunchDelegate - F:\finalSEpractical\Java-jetkins-in-docker
2022-01-09 14:26:59,185 [Worker-22: Launching Executing test in F__finalSEpractical_Java-jetkins-in-docker] INFO  o.e.m.i.launch.MavenLaunchDelegate -  mvn -B test -Dstyle.color=always
2022-01-09 14:28:27,375 [Worker-23: Launching Executing test in F__finalSEpractical_Java-jetkins-in-docker] INFO  o.e.m.i.launch.MavenLaunchDelegate - F:\finalSEpractical\Java-jetkins-in-docker
2022-01-09 14:28:27,375 [Worker-23: Launching Executing test in F__finalSEpractical_Java-jetkins-in-docker] INFO  o.e.m.i.launch.MavenLaunchDelegate -  mvn -B test -Dstyle.color=always
2022-01-09 14:30:03,823 [Worker-23: Launching Executing test in F__finalSEpractical_Java-jetkins-in-docker] INFO  o.e.m.i.launch.MavenLaunchDelegate - F:\finalSEpractical\Java-jetkins-in-docker
2022-01-09 14:30:03,824 [Worker-23: Launching Executing test in F__finalSEpractical_Java-jetkins-in-docker] INFO  o.e.m.i.launch.MavenLaunchDelegate -  mvn -B test -Dstyle.color=always
2022-01-09 14:30:59,029 [Worker-24: Launching Executing test in F__finalSEpractical_Java-jetkins-in-docker] INFO  o.e.m.i.launch.MavenLaunchDelegate - F:\finalSEpractical\Java-jetkins-in-docker
2022-01-09 14:30:59,030 [Worker-24: Launching Executing test in F__finalSEpractical_Java-jetkins-in-docker] INFO  o.e.m.i.launch.MavenLaunchDelegate -  mvn -B test -Dstyle.color=always
